<?xml version="1.0" encoding="utf-8"?><testsuites><testsuite errors="0" failures="0" hostname="dyn3219-182.wlan.ic.ac.uk" name="pytest" skipped="0" tests="8" time="19.619" timestamp="2019-11-22T16:22:50.881446"><testcase classname="test" file="test.py" line="40" name="test_get_easting_northing_from_lat_long" points="500" time="0.032"><properties>
[...]
</properties></testcase><testcase classname="test" file="test.py" line="94" name="test_tool" points="100" time="0.000"><properties><property name="tool initialization" value="(2.507194528, [True])"/></properties></testcase><testcase classname="test" file="test.py" line="100" name="test_get_lat_long" points="500" time="0.040"><properties>
[...]
</properties></testcase><testcase classname="test" file="test.py" line="129" name="test_get_easting_northing_flood_probability" points="2000" time="5.665"><properties>
[...]
</properties></testcase><testcase classname="test" file="test.py" line="158" name="test_get_sorted_flood_probability" points="500" time="5.502"><properties>
[...]
</properties></testcase><testcase classname="test" file="test.py" line="185" name="test_get_flood_cost" points="500" time="0.012"><properties>
[...]
</properties></testcase><testcase classname="test" file="test.py" line="215" name="test_get_annual_flood_risk" points="500" time="0.012"><properties>
[...]
</properties></testcase><testcase classname="test" file="test.py" line="245" name="test_get_sorted_annual_flood_risk" points="500" time="5.537"><properties>
[...]
</properties></testcase></testsuite></testsuites>